QR endpoint error: NotImplementedError: 

Traceback (most recent call last):
  File "D:\osint\backend\routers\whatsapp.py", line 28, in get_qr_code
    await scraper.initialize(headless=True)
  File "D:\osint\backend\modules\whatsapp_scraper.py", line 97, in initialize
    self.playwright = await async_playwright().start()
                      ^^^^^^^^^^^^^^^^^^^^^^^^^^^^^^^^
  File "D:\osint\.venv\Lib\site-packages\playwright\async_api\_context_manager.py", line 51, in start
    return await self.__aenter__()
           ^^^^^^^^^^^^^^^^^^^^^^^
  File "D:\osint\.venv\Lib\site-packages\playwright\async_api\_context_manager.py", line 46, in __aenter__
    playwright = AsyncPlaywright(next(iter(done)).result())
                                 ~~~~~~~~~~~~~~~~~~~~~~~^^
  File "D:\osint\.venv\Lib\site-packages\playwright\_impl\_transport.py", line 120, in connect
    self._proc = await asyncio.create_subprocess_exec(
                 ^^^^^^^^^^^^^^^^^^^^^^^^^^^^^^^^^^^^^
    ...<9 lines>...
    )
    ^
  File "C:\Program Files\Python313\Lib\asyncio\subprocess.py", line 224, in create_subprocess_exec
    transport, protocol = await loop.subprocess_exec(
                          ^^^^^^^^^^^^^^^^^^^^^^^^^^^
    ...<3 lines>...
        stderr=stderr, **kwds)
        ^^^^^^^^^^^^^^^^^^^^^^
  File "C:\Program Files\Python313\Lib\asyncio\base_events.py", line 1794, in subprocess_exec
    transport = await self._make_subprocess_transport(
                ^^^^^^^^^^^^^^^^^^^^^^^^^^^^^^^^^^^^^^
        protocol, popen_args, False, stdin, stdout, stderr,
        ^^^^^^^^^^^^^^^^^^^^^^^^^^^^^^^^^^^^^^^^^^^^^^^^^^^
        bufsize, **kwargs)
        ^^^^^^^^^^^^^^^^^^
  File "C:\Program Files\Python313\Lib\asyncio\base_events.py", line 539, in _make_subprocess_transport
    raise NotImplementedError
NotImplementedError
